TN:
SF:src/modules/appointments/services/CreateAppointmentService.ts
FN:55,__decorate
FN:55,__metadata
FN:55,__param
FN:55,__awaiter
FN:55,adopt
FN:55,fulfilled
FN:55,rejected
FN:55,step
FN:55,__generator
FN:55,sent
FN:55,g.<computed>
FN:55,verb
FN:55,step
FN:55,__importDefault
FN:19,CreateAppointmentService
FN:27,CreateAppointmentService.execute
FNF:16
FNH:14
FNDA:1,__decorate
FNDA:1,__metadata
FNDA:1,__param
FNDA:3,__awaiter
FNDA:5,adopt
FNDA:5,fulfilled
FNDA:0,rejected
FNDA:7,step
FNDA:3,__generator
FNDA:5,sent
FNDA:0,g.<computed>
FNDA:9,verb
FNDA:8,step
FNDA:1,__importDefault
FNDA:2,CreateAppointmentService
FNDA:3,CreateAppointmentService.execute
DA:1,1
DA:2,1
DA:3,1
DA:4,1
DA:5,1
DA:6,1
DA:7,1
DA:8,1
DA:9,1
DA:10,1
DA:11,1
DA:12,1
DA:13,1
DA:14,1
DA:15,1
DA:16,1
DA:17,1
DA:18,1
DA:19,1
DA:20,2
DA:21,2
DA:22,2
DA:23,2
DA:24,2
DA:25,1
DA:26,1
DA:27,1
DA:28,3
DA:29,3
DA:30,3
DA:31,3
DA:32,3
DA:33,3
DA:34,3
DA:35,1
DA:36,1
DA:37,3
DA:38,3
DA:39,3
DA:40,3
DA:41,2
DA:42,2
DA:43,2
DA:44,2
DA:45,2
DA:46,2
DA:47,3
DA:48,3
DA:49,3
DA:50,3
DA:51,3
DA:52,1
DA:53,1
DA:54,1
DA:55,1
LF:55
LH:55
BRDA:55,0,0,1
BRDA:55,1,0,1
BRDA:55,2,0,0
BRDA:55,3,0,0
BRDA:55,4,0,0
BRDA:55,5,0,0
BRDA:55,6,0,1
BRDA:55,7,0,1
BRDA:55,8,0,1
BRDA:55,9,0,3
BRDA:55,10,0,5
BRDA:55,11,0,0
BRDA:55,12,0,3
BRDA:55,13,0,5
BRDA:55,14,0,4
BRDA:55,15,0,1
BRDA:55,16,0,7
BRDA:55,17,0,2
BRDA:55,18,0,5
BRDA:55,19,0,3
BRDA:55,20,0,5
BRDA:55,21,0,0
BRDA:55,22,0,9
BRDA:55,23,0,8
BRDA:55,24,0,8
BRDA:55,25,0,0
BRDA:55,26,0,18
BRDA:55,27,0,0
BRDA:55,28,0,0
BRDA:55,29,0,0
BRDA:55,30,0,0
BRDA:55,31,0,8
BRDA:55,32,0,8
BRDA:55,33,0,5
BRDA:55,34,0,0
BRDA:55,35,0,0
BRDA:55,36,0,5
BRDA:55,37,0,0
BRDA:55,38,0,4
BRDA:55,39,0,3
BRDA:55,40,0,2
BRDA:55,41,0,0
BRDA:55,42,0,2
BRDA:55,43,0,0
BRDA:55,44,0,0
BRDA:55,45,0,0
BRDA:55,46,0,10
BRDA:55,47,0,9
BRDA:55,48,0,1
BRDA:55,49,0,10
BRDA:55,50,0,3
BRDA:55,51,0,1
BRDA:55,52,0,2
BRDA:55,53,0,0
BRDA:55,54,0,1
BRDA:55,55,0,0
BRDA:17,56,0,1
BRDA:19,57,0,2
BRDA:27,58,0,3
BRDA:55,59,0,3
BRDA:55,60,0,10
BRDA:55,61,0,3
BRDA:55,62,0,3
BRDA:34,63,0,2
BRDA:34,64,0,1
BRDA:40,65,0,2
BRDA:55,66,0,2
BRF:67
BRH:47
end_of_record
TN:
SF:src/modules/users/services/AuthenticateUserService.ts
FN:69,__decorate
FN:69,__metadata
FN:69,__param
FN:69,__awaiter
FN:69,adopt
FN:69,fulfilled
FN:69,rejected
FN:69,step
FN:69,__generator
FN:69,sent
FN:69,g.<computed>
FN:69,verb
FN:69,step
FN:69,__importDefault
FN:27,AuthenticateUserService
FN:37,AuthenticateUserService.execute
FNF:16
FNH:14
FNDA:1,__decorate
FNDA:1,__metadata
FNDA:2,__param
FNDA:3,__awaiter
FNDA:5,adopt
FNDA:5,fulfilled
FNDA:0,rejected
FNDA:6,step
FNDA:3,__generator
FNDA:5,sent
FNDA:0,g.<computed>
FNDA:9,verb
FNDA:8,step
FNDA:2,__importDefault
FNDA:3,AuthenticateUserService
FNDA:3,AuthenticateUserService.execute
DA:1,1
DA:2,1
DA:3,1
DA:4,1
DA:5,1
DA:6,1
DA:7,1
DA:8,1
DA:9,1
DA:10,1
DA:11,1
DA:12,1
DA:13,1
DA:14,1
DA:15,1
DA:16,1
DA:17,1
DA:18,1
DA:19,1
DA:20,1
DA:21,1
DA:22,1
DA:23,1
DA:24,1
DA:25,1
DA:26,1
DA:27,1
DA:28,3
DA:29,3
DA:30,3
DA:31,3
DA:32,3
DA:33,3
DA:34,3
DA:35,3
DA:36,1
DA:37,1
DA:38,3
DA:39,3
DA:40,3
DA:41,3
DA:42,1
DA:43,1
DA:44,3
DA:45,3
DA:46,3
DA:47,3
DA:48,3
DA:49,3
DA:50,3
DA:51,3
DA:52,3
DA:53,3
DA:54,3
DA:55,3
DA:56,3
DA:57,3
DA:58,3
DA:59,3
DA:60,3
DA:61,3
DA:62,3
DA:63,3
DA:64,3
DA:65,3
DA:66,3
DA:67,1
DA:68,1
DA:69,1
LF:69
LH:69
BRDA:69,0,0,1
BRDA:69,1,0,1
BRDA:69,2,0,0
BRDA:69,3,0,0
BRDA:69,4,0,0
BRDA:69,5,0,0
BRDA:69,6,0,1
BRDA:69,7,0,2
BRDA:69,8,0,2
BRDA:69,9,0,3
BRDA:69,10,0,5
BRDA:69,11,0,0
BRDA:69,12,0,3
BRDA:69,13,0,5
BRDA:69,14,0,3
BRDA:69,15,0,2
BRDA:69,16,0,6
BRDA:69,17,0,1
BRDA:69,18,0,5
BRDA:69,19,0,3
BRDA:69,20,0,5
BRDA:69,21,0,0
BRDA:69,22,0,9
BRDA:69,23,0,8
BRDA:69,24,0,8
BRDA:69,25,0,0
BRDA:69,26,0,18
BRDA:69,27,0,0
BRDA:69,28,0,0
BRDA:69,29,0,0
BRDA:69,30,0,0
BRDA:69,31,0,8
BRDA:69,32,0,8
BRDA:69,33,0,5
BRDA:69,34,0,0
BRDA:69,35,0,0
BRDA:69,36,0,5
BRDA:69,37,0,0
BRDA:69,38,0,3
BRDA:69,39,0,3
BRDA:69,40,0,2
BRDA:69,41,0,0
BRDA:69,42,0,2
BRDA:69,43,0,0
BRDA:69,44,0,0
BRDA:69,45,0,0
BRDA:69,46,0,10
BRDA:69,47,0,8
BRDA:69,48,0,2
BRDA:69,49,0,10
BRDA:69,50,0,3
BRDA:69,51,0,2
BRDA:69,52,0,1
BRDA:69,53,0,0
BRDA:69,54,0,2
BRDA:69,55,0,0
BRDA:25,56,0,1
BRDA:27,57,0,3
BRDA:37,58,0,3
BRDA:69,59,0,3
BRDA:69,60,0,10
BRDA:39,61,0,3
BRDA:69,62,0,3
BRDA:41,63,0,2
BRDA:41,64,0,1
BRDA:47,65,0,2
BRDA:69,66,0,2
BRDA:69,67,0,1
BRDA:69,68,0,1
BRF:69
BRH:49
end_of_record
TN:
SF:src/modules/users/services/CreateUserService.ts
FN:53,__decorate
FN:53,__metadata
FN:53,__param
FN:53,__awaiter
FN:53,adopt
FN:53,fulfilled
FN:53,rejected
FN:53,step
FN:53,__generator
FN:53,sent
FN:53,g.<computed>
FN:53,verb
FN:53,step
FN:53,__importDefault
FN:19,CreateUserService
FN:28,CreateUserService.execute
FNF:16
FNH:14
FNDA:2,__decorate
FNDA:2,__metadata
FNDA:4,__param
FNDA:5,__awaiter
FNDA:13,adopt
FNDA:13,fulfilled
FNDA:0,rejected
FNDA:17,step
FNDA:5,__generator
FNDA:13,sent
FNDA:0,g.<computed>
FNDA:15,verb
FNDA:18,step
FNDA:2,__importDefault
FNDA:5,CreateUserService
FNDA:5,CreateUserService.execute
DA:1,1
DA:2,1
DA:3,1
DA:4,1
DA:5,1
DA:6,1
DA:7,1
DA:8,1
DA:9,1
DA:10,1
DA:11,1
DA:12,1
DA:13,1
DA:14,1
DA:15,1
DA:16,1
DA:17,2
DA:18,2
DA:19,2
DA:20,5
DA:21,5
DA:22,5
DA:23,5
DA:24,5
DA:25,5
DA:26,5
DA:27,2
DA:28,2
DA:29,5
DA:30,5
DA:31,5
DA:32,5
DA:33,1
DA:34,1
DA:35,4
DA:36,4
DA:37,5
DA:38,5
DA:39,5
DA:40,5
DA:41,5
DA:42,5
DA:43,5
DA:44,5
DA:45,5
DA:46,5
DA:47,5
DA:48,5
DA:49,5
DA:50,2
DA:51,2
DA:52,1
DA:53,1
LF:53
LH:53
BRDA:53,0,0,2
BRDA:53,1,0,2
BRDA:53,2,0,0
BRDA:53,3,0,0
BRDA:53,4,0,0
BRDA:53,5,0,0
BRDA:53,6,0,2
BRDA:53,7,0,4
BRDA:53,8,0,4
BRDA:53,9,0,5
BRDA:53,10,0,13
BRDA:53,11,0,0
BRDA:53,12,0,5
BRDA:53,13,0,13
BRDA:53,14,0,12
BRDA:53,15,0,1
BRDA:53,16,0,17
BRDA:53,17,0,4
BRDA:53,18,0,13
BRDA:53,19,0,5
BRDA:53,20,0,13
BRDA:53,21,0,0
BRDA:53,22,0,15
BRDA:53,23,0,18
BRDA:53,24,0,18
BRDA:53,25,0,0
BRDA:53,26,0,36
BRDA:53,27,0,0
BRDA:53,28,0,0
BRDA:53,29,0,0
BRDA:53,30,0,0
BRDA:53,31,0,18
BRDA:53,32,0,18
BRDA:53,33,0,13
BRDA:53,34,0,0
BRDA:53,35,0,0
BRDA:53,36,0,5
BRDA:53,37,0,0
BRDA:53,38,0,4
BRDA:53,39,0,0
BRDA:53,40,0,0
BRDA:53,41,0,0
BRDA:53,42,0,0
BRDA:53,43,0,28
BRDA:53,44,0,18
BRDA:53,45,0,17
BRDA:53,46,0,1
BRDA:53,47,0,18
BRDA:53,48,0,5
BRDA:53,49,0,1
BRDA:53,50,0,4
BRDA:53,51,0,0
BRDA:53,52,0,2
BRDA:53,53,0,0
BRDA:17,54,0,2
BRDA:19,55,0,5
BRDA:28,56,0,5
BRDA:53,57,0,5
BRDA:53,58,0,18
BRDA:30,59,0,5
BRDA:53,60,0,5
BRDA:32,61,0,1
BRDA:34,62,0,4
BRDA:53,63,0,4
BRDA:53,64,0,4
BRF:65
BRH:45
end_of_record
TN:
SF:src/modules/users/services/ResetPasswordService.ts
FN:60,__decorate
FN:60,__metadata
FN:60,__param
FN:60,__awaiter
FN:60,adopt
FN:60,fulfilled
FN:60,rejected
FN:60,step
FN:60,__generator
FN:60,sent
FN:60,g.<computed>
FN:60,verb
FN:60,step
FN:60,__importDefault
FN:18,ResetPasswordService
FN:31,ResetPasswordService.execute
FNF:16
FNH:14
FNDA:1,__decorate
FNDA:1,__metadata
FNDA:3,__param
FNDA:4,__awaiter
FNDA:9,adopt
FNDA:9,fulfilled
FNDA:0,rejected
FNDA:10,step
FNDA:4,__generator
FNDA:9,sent
FNDA:0,g.<computed>
FNDA:12,verb
FNDA:13,step
FNDA:1,__importDefault
FNDA:4,ResetPasswordService
FNDA:4,ResetPasswordService.execute
DA:1,1
DA:2,1
DA:3,1
DA:4,1
DA:5,1
DA:6,1
DA:7,1
DA:8,1
DA:9,1
DA:10,1
DA:11,1
DA:12,1
DA:13,1
DA:14,1
DA:15,1
DA:16,1
DA:17,1
DA:18,1
DA:19,4
DA:20,4
DA:21,4
DA:22,4
DA:23,4
DA:24,4
DA:25,4
DA:26,4
DA:27,4
DA:28,4
DA:29,4
DA:30,1
DA:31,1
DA:32,4
DA:33,4
DA:34,4
DA:35,4
DA:36,1
DA:37,1
DA:38,3
DA:39,3
DA:40,4
DA:41,4
DA:42,1
DA:43,1
DA:44,2
DA:45,2
DA:46,2
DA:47,2
DA:48,4
DA:49,1
DA:50,1
DA:51,1
DA:52,1
DA:53,4
DA:54,4
DA:55,4
DA:56,4
DA:57,1
DA:58,1
DA:59,1
DA:60,1
LF:60
LH:60
BRDA:60,0,0,1
BRDA:60,1,0,1
BRDA:60,2,0,0
BRDA:60,3,0,0
BRDA:60,4,0,0
BRDA:60,5,0,0
BRDA:60,6,0,1
BRDA:60,7,0,3
BRDA:60,8,0,3
BRDA:60,9,0,4
BRDA:60,10,0,9
BRDA:60,11,0,0
BRDA:60,12,0,4
BRDA:60,13,0,9
BRDA:60,14,0,6
BRDA:60,15,0,3
BRDA:60,16,0,10
BRDA:60,17,0,1
BRDA:60,18,0,9
BRDA:60,19,0,4
BRDA:60,20,0,9
BRDA:60,21,0,0
BRDA:60,22,0,12
BRDA:60,23,0,13
BRDA:60,24,0,13
BRDA:60,25,0,0
BRDA:60,26,0,26
BRDA:60,27,0,0
BRDA:60,28,0,0
BRDA:60,29,0,0
BRDA:60,30,0,0
BRDA:60,31,0,13
BRDA:60,32,0,13
BRDA:60,33,0,9
BRDA:60,34,0,0
BRDA:60,35,0,0
BRDA:60,36,0,4
BRDA:60,37,0,0
BRDA:60,38,0,1
BRDA:60,39,0,0
BRDA:60,40,0,0
BRDA:60,41,0,0
BRDA:60,42,0,0
BRDA:60,43,0,13
BRDA:60,44,0,10
BRDA:60,45,0,3
BRDA:60,46,0,13
BRDA:60,47,0,4
BRDA:60,48,0,3
BRDA:60,49,0,1
BRDA:60,50,0,0
BRDA:60,51,0,1
BRDA:60,52,0,0
BRDA:16,53,0,1
BRDA:18,54,0,4
BRDA:31,55,0,4
BRDA:60,56,0,4
BRDA:60,57,0,13
BRDA:33,58,0,4
BRDA:60,59,0,4
BRDA:35,60,0,1
BRDA:37,61,0,3
BRDA:60,62,0,3
BRDA:41,63,0,1
BRDA:43,64,0,2
BRDA:48,65,0,1
BRDA:60,66,0,1
BRDA:60,67,0,1
BRF:68
BRH:48
end_of_record
TN:
SF:src/modules/users/services/SendForgotPasswordEmailService.ts
FN:63,__decorate
FN:63,__metadata
FN:63,__param
FN:63,__awaiter
FN:63,adopt
FN:63,fulfilled
FN:63,rejected
FN:63,step
FN:63,__generator
FN:63,sent
FN:63,g.<computed>
FN:63,verb
FN:63,step
FN:63,__importDefault
FN:18,SendForgotPasswordEmailService
FN:30,SendForgotPasswordEmailService.execute
FNF:16
FNH:14
FNDA:1,__decorate
FNDA:1,__metadata
FNDA:3,__param
FNDA:3,__awaiter
FNDA:7,adopt
FNDA:7,fulfilled
FNDA:0,rejected
FNDA:9,step
FNDA:3,__generator
FNDA:7,sent
FNDA:0,g.<computed>
FNDA:9,verb
FNDA:10,step
FNDA:2,__importDefault
FNDA:3,SendForgotPasswordEmailService
FNDA:3,SendForgotPasswordEmailService.execute
DA:1,1
DA:2,1
DA:3,1
DA:4,1
DA:5,1
DA:6,1
DA:7,1
DA:8,1
DA:9,1
DA:10,1
DA:11,1
DA:12,1
DA:13,1
DA:14,1
DA:15,1
DA:16,1
DA:17,1
DA:18,1
DA:19,3
DA:20,3
DA:21,3
DA:22,3
DA:23,3
DA:24,3
DA:25,3
DA:26,3
DA:27,3
DA:28,3
DA:29,1
DA:30,1
DA:31,3
DA:32,3
DA:33,3
DA:34,3
DA:35,3
DA:36,1
DA:37,1
DA:38,2
DA:39,2
DA:40,3
DA:41,3
DA:42,3
DA:43,3
DA:44,3
DA:45,3
DA:46,3
DA:47,3
DA:48,3
DA:49,3
DA:50,3
DA:51,3
DA:52,3
DA:53,3
DA:54,3
DA:55,3
DA:56,3
DA:57,3
DA:58,3
DA:59,3
DA:60,1
DA:61,1
DA:62,1
DA:63,1
LF:63
LH:63
BRDA:63,0,0,1
BRDA:63,1,0,1
BRDA:63,2,0,0
BRDA:63,3,0,0
BRDA:63,4,0,0
BRDA:63,5,0,0
BRDA:63,6,0,1
BRDA:63,7,0,3
BRDA:63,8,0,3
BRDA:63,9,0,3
BRDA:63,10,0,7
BRDA:63,11,0,0
BRDA:63,12,0,3
BRDA:63,13,0,7
BRDA:63,14,0,6
BRDA:63,15,0,1
BRDA:63,16,0,9
BRDA:63,17,0,2
BRDA:63,18,0,7
BRDA:63,19,0,3
BRDA:63,20,0,7
BRDA:63,21,0,0
BRDA:63,22,0,9
BRDA:63,23,0,10
BRDA:63,24,0,10
BRDA:63,25,0,0
BRDA:63,26,0,20
BRDA:63,27,0,0
BRDA:63,28,0,0
BRDA:63,29,0,0
BRDA:63,30,0,0
BRDA:63,31,0,10
BRDA:63,32,0,10
BRDA:63,33,0,7
BRDA:63,34,0,0
BRDA:63,35,0,0
BRDA:63,36,0,3
BRDA:63,37,0,0
BRDA:63,38,0,2
BRDA:63,39,0,0
BRDA:63,40,0,0
BRDA:63,41,0,0
BRDA:63,42,0,0
BRDA:63,43,0,10
BRDA:63,44,0,9
BRDA:63,45,0,1
BRDA:63,46,0,10
BRDA:63,47,0,3
BRDA:63,48,0,1
BRDA:63,49,0,2
BRDA:63,50,0,0
BRDA:63,51,0,2
BRDA:63,52,0,1
BRDA:63,53,0,1
BRDA:16,54,0,1
BRDA:18,55,0,3
BRDA:30,56,0,3
BRDA:63,57,0,3
BRDA:63,58,0,10
BRDA:63,59,0,3
BRDA:63,60,0,3
BRDA:35,61,0,1
BRDA:37,62,0,2
BRDA:63,63,0,2
BRDA:63,64,0,2
BRF:65
BRH:46
end_of_record
TN:
SF:src/modules/users/services/ShowProfileService.ts
FN:34,__decorate
FN:34,__metadata
FN:34,__param
FN:34,__awaiter
FN:34,adopt
FN:34,fulfilled
FN:34,rejected
FN:34,step
FN:34,__generator
FN:34,sent
FN:34,g.<computed>
FN:34,verb
FN:34,step
FN:34,__importDefault
FN:14,ShowProfileService
FN:21,ShowProfileService.execute
FNF:16
FNH:14
FNDA:1,__decorate
FNDA:1,__metadata
FNDA:1,__param
FNDA:2,__awaiter
FNDA:2,adopt
FNDA:2,fulfilled
FNDA:0,rejected
FNDA:3,step
FNDA:2,__generator
FNDA:2,sent
FNDA:0,g.<computed>
FNDA:6,verb
FNDA:4,step
FNDA:1,__importDefault
FNDA:2,ShowProfileService
FNDA:2,ShowProfileService.execute
DA:1,1
DA:2,1
DA:3,1
DA:4,1
DA:5,1
DA:6,1
DA:7,1
DA:8,1
DA:9,1
DA:10,1
DA:11,1
DA:12,1
DA:13,1
DA:14,1
DA:15,2
DA:16,2
DA:17,2
DA:18,2
DA:19,2
DA:20,1
DA:21,1
DA:22,2
DA:23,2
DA:24,2
DA:25,2
DA:26,1
DA:27,1
DA:28,1
DA:29,1
DA:30,2
DA:31,2
DA:32,1
DA:33,1
DA:34,1
LF:34
LH:34
BRDA:34,0,0,1
BRDA:34,1,0,1
BRDA:34,2,0,0
BRDA:34,3,0,0
BRDA:34,4,0,0
BRDA:34,5,0,0
BRDA:34,6,0,1
BRDA:34,7,0,1
BRDA:34,8,0,1
BRDA:34,9,0,2
BRDA:34,10,0,2
BRDA:34,11,0,0
BRDA:34,12,0,2
BRDA:34,13,0,2
BRDA:34,14,0,1
BRDA:34,15,0,3
BRDA:34,16,0,1
BRDA:34,17,0,2
BRDA:34,18,0,2
BRDA:34,19,0,2
BRDA:34,20,0,0
BRDA:34,21,0,6
BRDA:34,22,0,4
BRDA:34,23,0,4
BRDA:34,24,0,0
BRDA:34,25,0,8
BRDA:34,26,0,0
BRDA:34,27,0,0
BRDA:34,28,0,0
BRDA:34,29,0,0
BRDA:34,30,0,4
BRDA:34,31,0,4
BRDA:34,32,0,2
BRDA:34,33,0,0
BRDA:34,34,0,0
BRDA:34,35,0,2
BRDA:34,36,0,0
BRDA:34,37,0,1
BRDA:34,38,0,0
BRDA:34,39,0,0
BRDA:34,40,0,0
BRDA:34,41,0,0
BRDA:34,42,0,4
BRDA:34,43,0,3
BRDA:34,44,0,1
BRDA:34,45,0,4
BRDA:34,46,0,2
BRDA:34,47,0,1
BRDA:34,48,0,0
BRDA:34,49,0,1
BRDA:34,50,0,0
BRDA:12,51,0,1
BRDA:14,52,0,2
BRDA:21,53,0,2
BRDA:34,54,0,2
BRDA:34,55,0,4
BRDA:23,56,0,2
BRDA:34,57,0,2
BRDA:25,58,0,1
BRF:59
BRH:39
end_of_record
TN:
SF:src/modules/users/services/UpdateProfileService.ts
FN:69,__decorate
FN:69,__metadata
FN:69,__param
FN:69,__awaiter
FN:69,adopt
FN:69,fulfilled
FN:69,rejected
FN:69,step
FN:69,__generator
FN:69,sent
FN:69,g.<computed>
FN:69,verb
FN:69,step
FN:69,__importDefault
FN:20,UpdateProfileService
FN:30,UpdateProfileService.execute
FNF:16
FNH:14
FNDA:1,__decorate
FNDA:1,__metadata
FNDA:2,__param
FNDA:6,__awaiter
FNDA:14,adopt
FNDA:14,fulfilled
FNDA:0,rejected
FNDA:16,step
FNDA:6,__generator
FNDA:14,sent
FNDA:0,g.<computed>
FNDA:18,verb
FNDA:20,step
FNDA:1,__importDefault
FNDA:6,UpdateProfileService
FNDA:6,UpdateProfileService.execute
DA:1,1
DA:2,1
DA:3,1
DA:4,1
DA:5,1
DA:6,1
DA:7,1
DA:8,1
DA:9,1
DA:10,1
DA:11,1
DA:12,1
DA:13,1
DA:14,1
DA:15,1
DA:16,1
DA:17,1
DA:18,1
DA:19,1
DA:20,1
DA:21,6
DA:22,6
DA:23,6
DA:24,6
DA:25,6
DA:26,6
DA:27,6
DA:28,6
DA:29,1
DA:30,1
DA:31,6
DA:32,6
DA:33,6
DA:34,6
DA:35,1
DA:36,1
DA:37,5
DA:38,5
DA:39,6
DA:40,6
DA:41,1
DA:42,1
DA:43,4
DA:44,4
DA:45,4
DA:46,4
DA:47,6
DA:48,1
DA:49,1
DA:50,3
DA:51,6
DA:52,2
DA:53,2
DA:54,2
DA:55,2
DA:56,6
DA:57,6
DA:58,1
DA:59,1
DA:60,1
DA:61,1
DA:62,6
DA:63,6
DA:64,6
DA:65,6
DA:66,6
DA:67,1
DA:68,1
DA:69,1
LF:69
LH:69
BRDA:69,0,0,1
BRDA:69,1,0,1
BRDA:69,2,0,0
BRDA:69,3,0,0
BRDA:69,4,0,0
BRDA:69,5,0,0
BRDA:69,6,0,1
BRDA:69,7,0,2
BRDA:69,8,0,2
BRDA:69,9,0,6
BRDA:69,10,0,14
BRDA:69,11,0,0
BRDA:69,12,0,6
BRDA:69,13,0,14
BRDA:69,14,0,10
BRDA:69,15,0,4
BRDA:69,16,0,16
BRDA:69,17,0,2
BRDA:69,18,0,14
BRDA:69,19,0,6
BRDA:69,20,0,14
BRDA:69,21,0,0
BRDA:69,22,0,18
BRDA:69,23,0,20
BRDA:69,24,0,20
BRDA:69,25,0,0
BRDA:69,26,0,41
BRDA:69,27,0,0
BRDA:69,28,0,0
BRDA:69,29,0,0
BRDA:69,30,0,0
BRDA:69,31,0,20
BRDA:69,32,0,20
BRDA:69,33,0,14
BRDA:69,34,0,0
BRDA:69,35,0,0
BRDA:69,36,0,7
BRDA:69,37,0,0
BRDA:69,38,0,3
BRDA:69,39,0,6
BRDA:69,40,0,1
BRDA:69,41,0,0
BRDA:69,42,0,1
BRDA:69,43,0,0
BRDA:69,44,0,0
BRDA:69,45,0,0
BRDA:69,46,0,21
BRDA:69,47,0,17
BRDA:69,48,0,4
BRDA:69,49,0,21
BRDA:69,50,0,6
BRDA:69,51,0,4
BRDA:69,52,0,2
BRDA:69,53,0,0
BRDA:69,54,0,1
BRDA:69,55,0,0
BRDA:18,56,0,1
BRDA:20,57,0,6
BRDA:30,58,0,6
BRDA:69,59,0,6
BRDA:69,60,0,21
BRDA:32,61,0,6
BRDA:69,62,0,6
BRDA:34,63,0,1
BRDA:36,64,0,5
BRDA:69,65,0,5
BRDA:40,66,0,1
BRDA:40,67,0,1
BRDA:42,68,0,4
BRDA:47,69,0,3
BRDA:47,70,0,1
BRDA:49,71,0,3
BRDA:51,72,0,2
BRDA:51,73,0,1
BRDA:51,74,0,2
BRDA:69,75,0,2
BRDA:57,76,0,1
BRDA:69,77,0,1
BRDA:65,78,0,2
BRF:79
BRH:59
end_of_record
TN:
SF:src/modules/users/services/UpdateUserAvatarService.ts
FN:52,__decorate
FN:52,__metadata
FN:52,__param
FN:52,__awaiter
FN:52,adopt
FN:52,fulfilled
FN:52,rejected
FN:52,step
FN:52,__generator
FN:52,sent
FN:52,g.<computed>
FN:52,verb
FN:52,step
FN:52,__importDefault
FN:19,UpdateUserAvatarService
FN:29,UpdateUserAvatarService.execute
FNF:16
FNH:14
FNDA:1,__decorate
FNDA:1,__metadata
FNDA:2,__param
FNDA:4,__awaiter
FNDA:11,adopt
FNDA:11,fulfilled
FNDA:0,rejected
FNDA:14,step
FNDA:4,__generator
FNDA:11,sent
FNDA:0,g.<computed>
FNDA:12,verb
FNDA:15,step
FNDA:1,__importDefault
FNDA:4,UpdateUserAvatarService
FNDA:4,UpdateUserAvatarService.execute
DA:1,1
DA:2,1
DA:3,1
DA:4,1
DA:5,1
DA:6,1
DA:7,1
DA:8,1
DA:9,1
DA:10,1
DA:11,1
DA:12,1
DA:13,1
DA:14,1
DA:15,1
DA:16,1
DA:17,1
DA:18,1
DA:19,1
DA:20,4
DA:21,4
DA:22,4
DA:23,4
DA:24,4
DA:25,4
DA:26,4
DA:27,4
DA:28,1
DA:29,1
DA:30,4
DA:31,4
DA:32,4
DA:33,4
DA:34,1
DA:35,1
DA:36,3
DA:37,3
DA:38,1
DA:39,1
DA:40,4
DA:41,4
DA:42,4
DA:43,4
DA:44,4
DA:45,4
DA:46,4
DA:47,4
DA:48,4
DA:49,4
DA:50,1
DA:51,1
DA:52,1
LF:52
LH:52
BRDA:52,0,0,1
BRDA:52,1,0,1
BRDA:52,2,0,0
BRDA:52,3,0,0
BRDA:52,4,0,0
BRDA:52,5,0,0
BRDA:52,6,0,1
BRDA:52,7,0,2
BRDA:52,8,0,2
BRDA:52,9,0,4
BRDA:52,10,0,11
BRDA:52,11,0,0
BRDA:52,12,0,4
BRDA:52,13,0,11
BRDA:52,14,0,10
BRDA:52,15,0,1
BRDA:52,16,0,14
BRDA:52,17,0,3
BRDA:52,18,0,11
BRDA:52,19,0,4
BRDA:52,20,0,11
BRDA:52,21,0,0
BRDA:52,22,0,12
BRDA:52,23,0,15
BRDA:52,24,0,15
BRDA:52,25,0,0
BRDA:52,26,0,32
BRDA:52,27,0,0
BRDA:52,28,0,0
BRDA:52,29,0,0
BRDA:52,30,0,0
BRDA:52,31,0,15
BRDA:52,32,0,15
BRDA:52,33,0,11
BRDA:52,34,0,0
BRDA:52,35,0,0
BRDA:52,36,0,6
BRDA:52,37,0,0
BRDA:52,38,0,5
BRDA:52,39,0,4
BRDA:52,40,0,2
BRDA:52,41,0,0
BRDA:52,42,0,2
BRDA:52,43,0,0
BRDA:52,44,0,0
BRDA:52,45,0,0
BRDA:52,46,0,17
BRDA:52,47,0,16
BRDA:52,48,0,1
BRDA:52,49,0,17
BRDA:52,50,0,4
BRDA:52,51,0,1
BRDA:52,52,0,3
BRDA:52,53,0,0
BRDA:52,54,0,1
BRDA:52,55,0,0
BRDA:17,56,0,1
BRDA:19,57,0,4
BRDA:29,58,0,4
BRDA:52,59,0,4
BRDA:52,60,0,17
BRDA:31,61,0,4
BRDA:52,62,0,4
BRDA:33,63,0,1
BRDA:35,64,0,3
BRDA:37,65,0,2
BRDA:37,66,0,1
BRDA:52,67,0,1
BRDA:42,68,0,3
BRDA:52,69,0,3
BRDA:52,70,0,3
BRF:71
BRH:51
end_of_record
